<?xml version="1.0" encoding="UTF-8"?>
<testsuite name="MainTest" tests="1" skipped="0" failures="0" errors="0" timestamp="2020-08-23T19:10:05" hostname="MacBook-Pro-2" time="0.054">
  <properties/>
  <testcase name="simple example of encoding a class with a property that is a class()" classname="MainTest" time="0.054"/>
  <system-out><![CDATA[]]></system-out>
  <system-err><![CDATA[]]></system-err>
</testsuite>
