<?xml version="1.0" encoding="UTF-8"?>
<testsuite name="MainTest" tests="1" skipped="0" failures="0" errors="0" timestamp="2020-08-23T18:43:31" hostname="MacBook-Pro-2" time="0.055">
  <properties/>
  <testcase name="simple example of ignoring unwanted keys when decoding()" classname="MainTest" time="0.055"/>
  <system-out><![CDATA[]]></system-out>
  <system-err><![CDATA[]]></system-err>
</testsuite>
